Build started 2/26/2018 9:26:00 PM.
     1>Project "C:\Users\kamranpc\Documents\IT266\quake4\game.vcxproj" on node 2 (Build target(s)).
     1>C:\Program Files (x86)\MSBuild\Microsoft.Cpp\v4.0\V120\Microsoft.CppBuild.targets(381,5): warning MSB8028: The intermediate directory (Release\) contains files shared from another project (idlib.vcxproj, mpgame.vcxproj).  This can lead to incorrect clean and rebuild behavior.
     1>ClCompile:
         C:\Program Files (x86)\Microsoft Visual Studio 12.0\VC\bin\CL.exe /c /Zi /nologo /W4 /WX- /Ox /Ob1 /Oi /Oy- /D NDEBUG /D _WINDOWS /D _FINAL /D GAME_DLL /D Q4SDK /D _VC80_UPGRADE=0x0710 /D _WINDLL /D _MBCS /GF /Gm- /EHsc /MT /GS- /Gy- /fp:precise /Zc:wchar_t /Zc:forScope /GR /Yu /Fp"Release\game/game.pch" /Fo"Release\game/" /Fd"Release\gamex86.pdb" /Gd /TP /analyze- /errorReport:prompt game\gamesys\SysCvar.cpp
         SysCvar.cpp
     1>game\gamesys\SysCvar.cpp(1): warning C4627: '#include "../../idlib/precompiled.h"': skipped when looking for precompiled header use
                 Add directive to 'precompiled header (.h) file' or rebuild precompiled header
     1>game\gamesys\SysCvar.cpp(35): warning C4996: 'sprintf': This function or variable may be unsafe. Consider using sprintf_s instead. To disable deprecation, use _CRT_SECURE_NO_WARNINGS. See online help for details.
                 C:\Program Files (x86)\Microsoft Visual Studio 12.0\VC\include\stdio.h(356) : see declaration of 'sprintf'
       Link:
         C:\Program Files (x86)\Microsoft Visual Studio 12.0\VC\bin\link.exe /ERRORREPORT:PROMPT /OUT:"C:\Users\kamranpc\Documents\IT266\quake4\Release\gamex86.dll" /INCREMENTAL:NO /NOLOGO Release\idLib.lib kernel32.lib user32.lib gdi32.lib winspool.lib comdlg32.lib advapi32.lib shell32.lib ole32.lib oleaut32.lib uuid.lib odbc32.lib odbccp32.lib /DEF:".\game\game.def" /MANIFEST /MANIFESTUAC:"level='asInvoker' uiAccess='false'" /manifest:embed /DEBUG /PDB:"Release\gamex86.pdb" /MAP:"Release\gamex86.map" /MAPINFO:EXPORTS /STACK:"4194304" /LARGEADDRESSAWARE /OPT:REF /OPT:ICF /TLBID:1 /BASE:"0x20000000" /DYNAMICBASE:NO /MACHINE:X86 /SAFESEH /MACHINE:I386 /fixed:no /DLL Release\game/Actor.obj
         Release\game/AF.obj
         Release\game/AFEntity.obj
         Release\game/BrittleFracture.obj
         Release\game/Camera.obj
         Release\game/ClientAFEntity.obj
         Release\game/Effect.obj
         Release\game/Entity.obj
         Release\game/FreeView.obj
         Release\game/Game_Debug.obj
         Release\game/Game_local.obj
         Release\game/Game_Log.obj
         Release\game/Game_network.obj
         Release\game/GameEdit.obj
         Release\game/Healing_Station.obj
         Release\game/Icon.obj
         Release\game/IconManager.obj
         Release\game/IK.obj
         Release\game/Instance.obj
         Release\game/Item.obj
         Release\game/Light.obj
         Release\game/LipSync.obj
         Release\game/Misc.obj
         Release\game/Moveable.obj
         Release\game/Mover.obj
         Release\game/MultiplayerGame.obj
         Release\game/Playback.obj
         Release\game/Player_Cheats.obj
         Release\game/Projectile.obj
         Release\game/Pvs.obj
         Release\game/SecurityCamera.obj
         Release\game/Sound.obj
         Release\game/SplineMover.obj
         Release\game/Target.obj
         Release\game/TramGate.obj
         Release\game/Trigger.obj
         Release\game/WorldSpawn.obj
         Release\game/AAS.obj
         Release\game/AAS_debug.obj
         Release\game/AAS_Find.obj
         Release\game/AAS_pathing.obj
         Release\game/AAS_routing.obj
         Release\game/AAS_tactical.obj
         Release\game/AI.obj
         Release\game/AI_Actions.obj
         Release\game/AI_Announcements.obj
         Release\game/AI_Debug.obj
         Release\game/AI_events.obj
         Release\game/AI_Manager.obj
         Release\game/AI_Medic.obj
         Release\game/AI_Move.obj
         Release\game/AI_pathing.obj
         Release\game/AI_States.obj
         Release\game/AI_Tactical.obj
         Release\game/AI_Util.obj
         Release\game/Monster_Berserker.obj
         Release\game/Monster_BossBuddy.obj
         Release\game/Monster_BossMakron.obj
         Release\game/Monster_ConvoyGround.obj
         Release\game/Monster_ConvoyHover.obj
         Release\game/Monster_FailedTransfer.obj
         Release\game/Monster_Fatty.obj
         Release\game/Monster_Gladiator.obj
         Release\game/Monster_Grunt.obj
         Release\game/Monster_Gunner.obj
         Release\game/Monster_Harvester.obj
         Release\game/Monster_HarvesterDispersal.obj
         Release\game/Monster_HeavyHoverTank.obj
         Release\game/Monster_IronMaiden.obj
         Release\game/Monster_LightTank.obj
         Release\game/Monster_NetworkGuardian.obj
         Release\game/Monster_RepairBot.obj
         Release\game/Monster_Scientist.obj
         Release\game/Monster_Sentry.obj
         Release\game/Monster_SlimyTransfer.obj
         Release\game/Monster_StreamProtector.obj
         Release\game/Monster_StroggFlyer.obj
         Release\game/Monster_StroggHover.obj
         Release\game/Monster_StroggMarine.obj
         Release\game/Monster_TeleportDropper.obj
         Release\game/Monster_Turret.obj
         Release\game/Monster_TurretFlying.obj
         Release\game/spawner.obj
         Release\game/VehicleAI.obj
         Release\game/Anim.obj
         Release\game/Anim_Blend.obj
         Release\game/Anim_Import.obj
         Release\game/Anim_Testmodel.obj
         Release\game/ClientEffect.obj
         Release\game/ClientEntity.obj
         Release\game/ClientModel.obj
         Release\game/ClientMoveable.obj
         Release\game/Class.obj
         Release\game/DebugGraph.obj
         Release\game/Event.obj
         Release\game/SaveGame.obj
         Release\game/State.obj
         Release\game/SysCmds.obj
         Release\game/SysCvar.obj
         Release\game/Clip.obj
         Release\game/Force.obj
         Release\game/Force_Constant.obj
         Release\game/Force_Drag.obj
         Release\game/Force_Field.obj
         Release\game/Force_Spring.obj
         Release\game/Physics.obj
         Release\game/Physics_Actor.obj
         Release\game/Physics_AF.obj
         Release\game/Physics_Base.obj
         Release\game/Physics_Monster.obj
         Release\game/Physics_Parametric.obj
         Release\game/Physics_Particle.obj
         Release\game/Physics_Player.obj
         Release\game/Physics_RigidBody.obj
         Release\game/Physics_Static.obj
         Release\game/Physics_StaticMulti.obj
         Release\game/Physics_VehicleMonster.obj
         Release\game/Push.obj
         Release\game/Player.obj
         Release\game/Player_States.obj
         Release\game/PlayerView.obj
         Release\game/Script_Compiler.obj
         Release\game/Script_Interpreter.obj
         Release\game/Script_Program.obj
         Release\game/Script_Thread.obj
         Release\game/ScriptFuncUtility.obj
         Release\game/Vehicle.obj
         Release\game/Vehicle_DropPod.obj
         Release\game/Vehicle_Walker.obj
         Release\game/VehicleAnimated.obj
         Release\game/VehicleController.obj
         Release\game/VehicleDriver.obj
         Release\game/VehicleMonster.obj
         Release\game/VehicleParts.obj
         Release\game/VehiclePosition.obj
         Release\game/VehicleRigid.obj
         Release\game/VehicleSpline.obj
         Release\game/VehicleStatic.obj
         Release\game/Weapon.obj
         Release\game/WeaponBlaster.obj
         Release\game/WeaponDarkMatterGun.obj
         Release\game/WeaponGauntlet.obj
         Release\game/WeaponGrenadeLauncher.obj
         Release\game/WeaponHyperblaster.obj
         Release\game/WeaponLightningGun.obj
         Release\game/WeaponMachinegun.obj
         Release\game/WeaponNailgun.obj
         Release\game/WeaponNapalmGun.obj
         Release\game/WeaponRailgun.obj
         Release\game/WeaponRocketLauncher.obj
         Release\game/WeaponShotgun.obj
         Release\game/Buying.obj
         Release\game/CTF.obj
         Release\game/GameState.obj
         Release\game/Tourney.obj
         Release\game/VoiceComms.obj
         Release\game/StatEvent.obj
         Release\game/StatManager.obj
         Release\game/StatWindow.obj
         C:\Users\kamranpc\Documents\IT266\quake4\Release\idlib.lib
            Creating library C:\Users\kamranpc\Documents\IT266\quake4\Release\gamex86.lib and object C:\Users\kamranpc\Documents\IT266\quake4\Release\gamex86.exp
         game.vcxproj -> C:\Users\kamranpc\Documents\IT266\quake4\Release\gamex86.dll
     1>Done Building Project "C:\Users\kamranpc\Documents\IT266\quake4\game.vcxproj" (Build target(s)).

Build succeeded.

Time Elapsed 00:00:03.80
